c:\users\asus\desktop\projeler\visul studio 2022\cppogrenmekursu\cppkursu\x64\debug\vc143.pdb
c:\users\asus\desktop\projeler\visul studio 2022\cppogrenmekursu\cppkursu\x64\debug\vc143.idb
c:\users\asus\desktop\projeler\visul studio 2022\cppogrenmekursu\cppkursu\x64\debug\7.tipdönüşümü.obj
c:\users\asus\desktop\projeler\visul studio 2022\cppogrenmekursu\cppkursu\x64\debug\5.sapitdeğerler.obj
c:\users\asus\desktop\projeler\visul studio 2022\cppogrenmekursu\cppkursu\x64\debug\6.operatörler.obj
c:\users\asus\desktop\projeler\visul studio 2022\cppogrenmekursu\cppkursu\x64\debug\1.ekranayazıyazma.obj
c:\users\asus\desktop\projeler\visul studio 2022\cppogrenmekursu\cppkursu\x64\debug\2.değişkenler.obj
c:\users\asus\desktop\projeler\visul studio 2022\cppogrenmekursu\cppkursu\x64\debug\3.kullanıcıdandeğeralma.obj
c:\users\asus\desktop\projeler\visul studio 2022\cppogrenmekursu\cppkursu\x64\debug\4.kullanicidanalinanikidegerintoplanmasi.obj
c:\users\asus\desktop\projeler\visul studio 2022\cppogrenmekursu\cppkursu\x64\debug\8.aritmatikatamaoperatörleri.obj
c:\users\asus\desktop\projeler\visul studio 2022\cppogrenmekursu\cppkursu\x64\debug\karsilastirmaoperatorleri.obj
c:\users\asus\desktop\projeler\visul studio 2022\cppogrenmekursu\cppkursu\x64\debug\mantiksaloperatorler.obj
c:\users\asus\desktop\projeler\visul studio 2022\cppogrenmekursu\x64\debug\cppkursu.exe
c:\users\asus\desktop\projeler\visul studio 2022\cppogrenmekursu\x64\debug\cppkursu.pdb
c:\users\asus\desktop\projeler\visul studio 2022\cppogrenmekursu\cppkursu\x64\debug\cppkursu.ilk
c:\users\asus\desktop\projeler\visul studio 2022\cppogrenmekursu\cppkursu\x64\debug\değişkenler.obj
c:\users\asus\desktop\projeler\visul studio 2022\cppogrenmekursu\cppkursu\x64\debug\değişkenler2.obj
c:\users\asus\desktop\projeler\visul studio 2022\cppogrenmekursu\cppkursu\x64\debug\ekranayazıyazma.obj
c:\users\asus\desktop\projeler\visul studio 2022\cppogrenmekursu\cppkursu\x64\debug\ekranayazıyazma1.obj
c:\users\asus\desktop\projeler\visul studio 2022\cppogrenmekursu\cppkursu\x64\debug\kullanicidanalinanikidegerintoplanmasi.obj
c:\users\asus\desktop\projeler\visul studio 2022\cppogrenmekursu\cppkursu\x64\debug\kullanicidanalinanikidegerintoplanmasi4.obj
c:\users\asus\desktop\projeler\visul studio 2022\cppogrenmekursu\cppkursu\x64\debug\kullanıcıdandeğeralma.obj
c:\users\asus\desktop\projeler\visul studio 2022\cppogrenmekursu\cppkursu\x64\debug\kullanıcıdandeğeralma3.obj
c:\users\asus\desktop\projeler\visul studio 2022\cppogrenmekursu\cppkursu\x64\debug\operatörler.obj
c:\users\asus\desktop\projeler\visul studio 2022\cppogrenmekursu\cppkursu\x64\debug\operatörler6.obj
c:\users\asus\desktop\projeler\visul studio 2022\cppogrenmekursu\cppkursu\x64\debug\sapitdeğerler.obj
c:\users\asus\desktop\projeler\visul studio 2022\cppogrenmekursu\cppkursu\x64\debug\sapitdeğerler5.obj
c:\users\asus\desktop\projeler\visul studio 2022\cppogrenmekursu\cppkursu\x64\debug\tipdönüşümü7.obj
c:\users\asus\desktop\projeler\visul studio 2022\cppogrenmekursu\cppkursu\x64\debug\cppkursu.tlog\cl.command.1.tlog
c:\users\asus\desktop\projeler\visul studio 2022\cppogrenmekursu\cppkursu\x64\debug\cppkursu.tlog\cl.items.tlog
c:\users\asus\desktop\projeler\visul studio 2022\cppogrenmekursu\cppkursu\x64\debug\cppkursu.tlog\cl.read.1.tlog
c:\users\asus\desktop\projeler\visul studio 2022\cppogrenmekursu\cppkursu\x64\debug\cppkursu.tlog\cl.write.1.tlog
c:\users\asus\desktop\projeler\visul studio 2022\cppogrenmekursu\cppkursu\x64\debug\cppkursu.tlog\link.command.1.tlog
c:\users\asus\desktop\projeler\visul studio 2022\cppogrenmekursu\cppkursu\x64\debug\cppkursu.tlog\link.read.1.tlog
c:\users\asus\desktop\projeler\visul studio 2022\cppogrenmekursu\cppkursu\x64\debug\cppkursu.tlog\link.secondary.1.tlog
c:\users\asus\desktop\projeler\visul studio 2022\cppogrenmekursu\cppkursu\x64\debug\cppkursu.tlog\link.write.1.tlog
